<?xml version="1.0" encoding="UTF-8"?>
<testsuite xmlns:xsi="http://www.w3.org/2001/XMLSchema-instance" xsi:noNamespaceSchemaLocation="https://maven.apache.org/surefire/maven-surefire-plugin/xsd/surefire-test-report.xsd" version="3.0.2" name="GraphTest" time="0.056" tests="7" errors="0" skipped="0" failures="0">
  <properties>
[...]
</properties>
  <testcase name="mixedSuccessfulRemove" classname="GraphTest" time="0.022">
    <system-out><![CDATA[in setup
in mixedSuccessfulRemove
Node d Successfully removed.
Edge f -> h has been successfully removed
Node c Successfully removed.
Edge g -> h has been successfully removed
teardown

]]></system-out>
  </testcase>
  <testcase name="testRemoveNodes" classname="GraphTest" time="0.001">
    <system-out><![CDATA[in setup
in removeNodes
Node f successfully removed.
Node h successfully removed.
Node g successfully removed.
teardown

]]></system-out>
  </testcase>
  <testcase name="nodeUnsuccessfulRemove" classname="GraphTest" time="0.0">
    <system-out><![CDATA[in setup
in nodeUnsuccessfulRemove
Node c Successfully removed.
q node doesn't exist
Node d Successfully removed.
c node doesn't exist
teardown

]]></system-out>
  </testcase>
  <testcase name="nodesUnsuccessfulRemove" classname="GraphTest" time="0.001">
    <system-out><![CDATA[in setup
in nodesUnsuccessfulRemove
Node c successfully removed.
Node q doesn't exist
Node d successfully removed.
Node c doesn't exist
teardown

]]></system-out>
  </testcase>
  <testcase name="testRemoveEdge" classname="GraphTest" time="0.0">
    <system-out><![CDATA[in setup
in removeEdge
Edge c -> d has been successfully removed
teardown

]]></system-out>
  </testcase>
  <testcase name="testRemoveNode" classname="GraphTest" time="0.0">
    <system-out><![CDATA[in setup
in removeNode
Node d Successfully removed.
teardown

]]></system-out>
  </testcase>
  <testcase name="edgeUnsuccessfulRemove" classname="GraphTest" time="0.0">
    <system-out><![CDATA[in setup
in edgeUnsuccessfulRemove
Edge b -> c has been successfully removed
Edge a -> c does not exists.
Edge c -> c does not exists.
Edge g -> h has been successfully removed
teardown

]]></system-out>
  </testcase>
</testsuite>